<?xml version="1.0" encoding="UTF-8"?>
<testsuites name="jest tests" tests="4" failures="0" errors="0" time="0.669">
  <testsuite name="MCP Server Parameter Conversion" errors="0" failures="0" skipped="0" timestamp="2025-08-26T12:57:59" time="0.364" tests="4">
    <testcase classname="MCP Server Parameter Conversion should convert string highlights to array format" name="MCP Server Parameter Conversion should convert string highlights to array format" time="0.016">
    </testcase>
    <testcase classname="MCP Server Parameter Conversion should preserve array highlights unchanged" name="MCP Server Parameter Conversion should preserve array highlights unchanged" time="0.002">
    </testcase>
    <testcase classname="MCP Server Parameter Conversion should handle undefined highlights" name="MCP Server Parameter Conversion should handle undefined highlights" time="0.003">
    </testcase>
    <testcase classname="MCP Server Parameter Conversion should handle empty string highlights" name="MCP Server Parameter Conversion should handle empty string highlights" time="0.003">
    </testcase>
  </testsuite>
</testsuites>